c:\users\iza\desktop\sdd_2025\project1\project1\x64\debug\vc143.pdb
c:\users\iza\desktop\sdd_2025\project1\project1\x64\debug\vc143.idb
c:\users\iza\desktop\sdd_2025\project1\project1\x64\debug\student.obj
c:\users\iza\desktop\sdd_2025\project1\project1\x64\debug\seminar17martie.obj
c:\users\iza\desktop\sdd_2025\project1\project1\x64\debug\listasimplatelefon.obj
c:\users\iza\desktop\sdd_2025\project1\project1\x64\debug\listasimplastudent.obj
c:\users\iza\desktop\sdd_2025\project1\project1\x64\debug\listasimplalaptop.obj
c:\users\iza\desktop\sdd_2025\project1\project1\x64\debug\listasimplafarmacie.obj
c:\users\iza\desktop\sdd_2025\project1\project1\x64\debug\listasimplacladire.obj
c:\users\iza\desktop\sdd_2025\project1\project1\x64\debug\listasimpla.obj
c:\users\iza\desktop\sdd_2025\project1\project1\x64\debug\listadublastudent.obj
c:\users\iza\desktop\sdd_2025\project1\project1\x64\debug\listadublalaptop.obj
c:\users\iza\desktop\sdd_2025\project1\project1\x64\debug\listadublafarmacie.obj
c:\users\iza\desktop\sdd_2025\project1\project1\x64\debug\listadublacladire.obj
c:\users\iza\desktop\sdd_2025\project1\project1\x64\debug\hashtable_student.obj
c:\users\iza\desktop\sdd_2025\project1\project1\x64\debug\hashtablelaptop.obj
c:\users\iza\desktop\sdd_2025\project1\project1\x64\debug\filename.obj
c:\users\iza\desktop\sdd_2025\project1\project1\x64\debug\farmacie.obj
c:\users\iza\desktop\sdd_2025\project1\project1\x64\debug\cladire.obj
c:\users\iza\desktop\sdd_2025\project1\project1\x64\debug\task.obj
c:\users\iza\desktop\sdd_2025\project1\project1\x64\debug\hashtable_carte.obj
c:\users\iza\desktop\sdd_2025\project1\project1\x64\debug\seminar_10.05.obj
c:\users\iza\desktop\sdd_2025\project1\project1\x64\debug\seminar_13.05.obj
c:\users\iza\desktop\sdd_2025\project1\project1\x64\debug\project1.ilk
c:\users\iza\desktop\sdd_2025\project1\x64\debug\project1.pdb
c:\users\iza\desktop\sdd_2025\project1\project1\x64\debug\project1.tlog\cl.command.1.tlog
c:\users\iza\desktop\sdd_2025\project1\project1\x64\debug\project1.tlog\cl.items.tlog
c:\users\iza\desktop\sdd_2025\project1\project1\x64\debug\project1.tlog\cl.read.1.tlog
c:\users\iza\desktop\sdd_2025\project1\project1\x64\debug\project1.tlog\cl.write.1.tlog
c:\users\iza\desktop\sdd_2025\project1\project1\x64\debug\project1.tlog\link-cvtres.read.1.tlog
c:\users\iza\desktop\sdd_2025\project1\project1\x64\debug\project1.tlog\link-cvtres.write.1.tlog
c:\users\iza\desktop\sdd_2025\project1\project1\x64\debug\project1.tlog\link-rc.read.1.tlog
c:\users\iza\desktop\sdd_2025\project1\project1\x64\debug\project1.tlog\link-rc.write.1.tlog
c:\users\iza\desktop\sdd_2025\project1\project1\x64\debug\project1.tlog\link.13516-cvtres.read.1.tlog
c:\users\iza\desktop\sdd_2025\project1\project1\x64\debug\project1.tlog\link.13516-cvtres.write.1.tlog
c:\users\iza\desktop\sdd_2025\project1\project1\x64\debug\project1.tlog\link.13516-rc.read.1.tlog
c:\users\iza\desktop\sdd_2025\project1\project1\x64\debug\project1.tlog\link.13516-rc.write.1.tlog
c:\users\iza\desktop\sdd_2025\project1\project1\x64\debug\project1.tlog\link.13516.read.1.tlog
c:\users\iza\desktop\sdd_2025\project1\project1\x64\debug\project1.tlog\link.13516.read.2.tlog
c:\users\iza\desktop\sdd_2025\project1\project1\x64\debug\project1.tlog\link.13516.write.1.tlog
c:\users\iza\desktop\sdd_2025\project1\project1\x64\debug\project1.tlog\link.command.1.tlog
c:\users\iza\desktop\sdd_2025\project1\project1\x64\debug\project1.tlog\link.read.1.tlog
c:\users\iza\desktop\sdd_2025\project1\project1\x64\debug\project1.tlog\link.read.2.tlog
c:\users\iza\desktop\sdd_2025\project1\project1\x64\debug\project1.tlog\link.secondary.1.tlog
c:\users\iza\desktop\sdd_2025\project1\project1\x64\debug\project1.tlog\link.write.1.tlog
